<?xml version="1.0" encoding="UTF-8"?>
<!-- Generated by org.testng.reporters.JUnitReportReporter -->
<testsuite hostname="LAPTOP-LS3D59LS" failures="0" tests="1" name="com.uiautomation.testcases.LoginPageTest" time="13.129" errors="0" timestamp="2023-10-22T16:40:32 IST" skipped="0">
  <testcase classname="com.uiautomation.testcases.LoginPageTest" name="loginTest" time="13.129"/>
  <system-out/>
</testsuite> <!-- com.uiautomation.testcases.LoginPageTest -->
