<?xml version="1.0" encoding="UTF-8"?>
<!-- Generated by org.testng.reporters.JUnitReportReporter -->
<testsuite hostname="LAPTOP-LS3D59LS" failures="0" tests="2" name="com.uiautomation.testcases.IndexPageTest" time="82.404" errors="0" timestamp="2023-10-22T16:40:32 IST" skipped="0">
  <testcase classname="com.uiautomation.testcases.IndexPageTest" name="verifyLogo" time="74.759"/>
  <system-out/>
  <testcase classname="com.uiautomation.testcases.IndexPageTest" name="verifyTitle" time="7.645"/>
  <system-out/>
</testsuite> <!-- com.uiautomation.testcases.IndexPageTest -->
